6.29
      早晨9:00~12:00
      听老师讲解本次小学期项目流程，所用技术。并浏览任务pdf文件。

      下午2:00~4:00
      确认小组分工，以及加强小组成员间认识。
     
      下午4:00~晚上10:00
      在小组的交流下完成任务1~5的环境配置。

6.30
       9:00~12:00
       解决spark环境配置IP地址与本机地址不同问题。由于起初不知道问题在哪，
       花费了大量时间查阅资料。最终通过添加环境变量spark的ip地址解决此问题。

       14:00~15:00
        完成任务六的数据资料下载

        15:00~17:00
        通过pip完成Python依赖包安装。
    
        17:00~12:00
        尝试VMware虚拟机安装，由于之前安装过但又卸载了，所以很多文件需要删除。
        清理注册等。导致任务进度较慢

7.1 上午
       8:00~11:00
       完成VMware虚拟机和Ubuntu虚拟机安装。解决了昨天由于之前安装过VMware
       虚拟机导致系统注册表垃圾残留问题。最终成功解决。
     
       11:00~12:00
        小组分工决定由组长一人进行spark数据清洗。所以剩下的组员对ARIMA模型进行
        了学习。为接下来的模型建立编程做准备。

7.1 下午
        14:00~15:30
         小组成员进行了详细的项目分工讨论，及进度要求。本人分配到任务19~23，即完
         成项目的Java IDE展示部分的代码编写。

         15:00~17:00
         完成Myeclipse 和 tomcat的安装及配置。

         17:00以后
         学习和熟悉Myeclipse的使用以及Java的HTTP请求及怎样在Java中调用Python的微
         服务接口程序以获取天气预测数据

