//6.29
//9：00-12：00
//上课，了解相应内容，下载python，配置环境
//下载安装git，将gitee作为第二仓库
//2：00-3：00
//配置java和jdk环境，pip安装相应python包
//3：00-4：00
//下载安装pychrame，配置环境
//4:00-5:00
//配置hadoop和spark环境，帮助同学完成相关配置
//5:00以后
//研究GitHub上传问题，给组员提供三种解决方案

//6.30
//9：00-10：00
//翻墙，下载需要的数据，并上传
//10:00-11:00
//下载虚拟机，下载出错，重新下载
//11:00-11:40
//从阿里云镜像下载ubuntu，安装虚拟机
//下载安装版本和教程不一致，正在摸索
//11:40-12:20
//安装正确的workstations Pro
//14：00-15：00
//配置安装虚拟机成功，下载安装vim等配置包
//15:00-17:00
//配置nat网络失败，尝试多种办法包括重装和删除lock
//后发现可以自动连接网络，不需要配置
//猜想是新版本的配置不同于旧版本，因此网络连接设置不需要按照文档进行
//17：00-18：20
//配置xshell失败
//18:20-19:30
//重新翻阅教程，参考搜索引擎
//发现文档当中xshell的ip地址和给出的虚拟机地址不一致
//两个端口端口不一致
//猜想文档出错
//将ip地址更改一致，更改端口
//成功连接配置
//分享经验给组员（由于文档当中版本过低，除了环境配置其他都可能出现问题）
//（大坑，差点爬不出来）
